Using pre-set license
Built from '2020.3/staging' branch; Version is '2020.3.11f1 (99c7afb366b3) revision 10078127'; Using compiler version '192528614'; Build Type 'Release'
OS: 'Windows 10 Home Single Language; OS build 19043.1110; Version 2009; 64bit' Language: 'en' Physical Memory: 16225 MB
BatchMode: 1, IsHumanControllingUs: 0, StartBugReporterOnCrash: 0, Is64bit: 1, IsPro: 0

 COMMAND LINE ARGUMENTS:
C:\Program Files\Unity\Hub\Editor\2020.3.11f1\Editor\Unity.exe
-adb2
-batchMode
-noUpm
-name
AssetImportWorker0
-projectPath
C:/Users/eylul/Brick Breaker Game
-logFile
Logs/AssetImportWorker0.log
-srvPort
49293
Successfully changed project path to: C:/Users/eylul/Brick Breaker Game
C:/Users/eylul/Brick Breaker Game
Using Asset Import Pipeline V2.
Refreshing native plugins compatible for Editor in 45.02 ms, found 3 plugins.
Preloading 0 native plugins for Editor in 0.00 ms.
Initialize engine version: 2020.3.11f1 (99c7afb366b3)
[Subsystems] Discovering subsystems at path C:/Program Files/Unity/Hub/Editor/2020.3.11f1/Editor/Data/Resources/UnitySubsystems
[Subsystems] Discovering subsystems at path C:/Users/eylul/Brick Breaker Game/Assets
GfxDevice: creating device client; threaded=0
Direct3D:
    Version:  Direct3D 11.0 [level 11.1]
    Renderer: Intel(R) UHD Graphics 620 (ID=0x5917)
    Vendor:   
    VRAM:     8112 MB
    Driver:   27.20.100.8681
Initialize mono
Mono path[0] = 'C:/Program Files/Unity/Hub/Editor/2020.3.11f1/Editor/Data/Managed'
Mono path[1] = 'C:/Program Files/Unity/Hub/Editor/2020.3.11f1/Editor/Data/MonoBleedingEdge/lib/mono/unityjit'
Mono config path = 'C:/Program Files/Unity/Hub/Editor/2020.3.11f1/Editor/Data/MonoBleedingEdge/etc'
Using monoOptions --debugger-agent=transport=dt_socket,embedding=1,server=y,suspend=n,address=127.0.0.1:56852
Begin MonoManager ReloadAssembly
Registering precompiled unity dll's ...
Register platform support module: C:/Program Files/Unity/Hub/Editor/2020.3.11f1/Editor/Data/PlaybackEngines/WebGLSupport/UnityEditor.WebGL.Extensions.dll
Register platform support module: C:/Program Files/Unity/Hub/Editor/2020.3.11f1/Editor/Data/PlaybackEngines/WindowsStandaloneSupport/UnityEditor.WindowsStandalone.Extensions.dll
Registered in 0.003865 seconds.
Native extension for WindowsStandalone target not found
Native extension for WebGL target not found
Refreshing native plugins compatible for Editor in 49.87 ms, found 3 plugins.
Preloading 0 native plugins for Editor in 0.00 ms.
Mono: successfully reloaded assembly
- Completed reload, in  1.382 seconds
Platform modules already initialized, skipping
Registering precompiled user dll's ...
Registered in 0.007340 seconds.
Begin MonoManager ReloadAssembly
Native extension for WindowsStandalone target not found
Native extension for WebGL target not found
Refreshing native plugins compatible for Editor in 44.45 ms, found 3 plugins.
Preloading 0 native plugins for Editor in 0.00 ms.
Mono: successfully reloaded assembly
- Completed reload, in  1.221 seconds
Platform modules already initialized, skipping
========================================================================
Worker process is ready to serve import requests
Launched and connected shader compiler UnityShaderCompiler.exe after 0.06 seconds
Refreshing native plugins compatible for Editor in 0.43 ms, found 3 plugins.
Preloading 0 native plugins for Editor in 0.00 ms.
Unloading 2080 Unused Serialized files (Serialized files now loaded: 0)
System memory in use before: 92.8 MB.
System memory in use after: 92.7 MB.

Unloading 33 unused Assets to reduce memory usage. Loaded Objects now: 2513.
Total: 2.311000 ms (FindLiveObjects: 0.194300 ms CreateObjectMapping: 0.063900 ms MarkObjects: 1.896100 ms  DeleteObjects: 0.155600 ms)

========================================================================
Received Import Request.
  path: Assets
  artifactKey: Guid(00000000000000001000000000000000) Importer(815301076,1909f56bfc062723c751e8b465ee728b)
Start importing Assets using Guid(00000000000000001000000000000000) Importer(815301076,1909f56bfc062723c751e8b465ee728b)  -> (artifact id: '42d402b061de3733987d63b9cc3b64de') in 0.011276 seconds
  Import took 0.026041 seconds .

========================================================================
Received Import Request.
  Time since last request: 4.322201 seconds.
  path: Assets/Scripts
  artifactKey: Guid(9841aba0493d6eb4da2c8cc7c81a40c8) Importer(815301076,1909f56bfc062723c751e8b465ee728b)
Start importing Assets/Scripts using Guid(9841aba0493d6eb4da2c8cc7c81a40c8) Importer(815301076,1909f56bfc062723c751e8b465ee728b)  -> (artifact id: '2a50a08809387bfe69aa22bf717d2abf') in 0.012147 seconds
  Import took 0.017149 seconds .

========================================================================
Received Import Request.
  Time since last request: 6.473831 seconds.
  path: Assets/Sprites
  artifactKey: Guid(4d5af501ef01628458e75c71c49bfc20) Importer(815301076,1909f56bfc062723c751e8b465ee728b)
Start importing Assets/Sprites using Guid(4d5af501ef01628458e75c71c49bfc20) Importer(815301076,1909f56bfc062723c751e8b465ee728b)  -> (artifact id: '44cd744f93012a4391a7c334b8317cd9') in 0.010625 seconds
  Import took 0.014852 seconds .

========================================================================
Received Import Request.
  Time since last request: 3.409441 seconds.
  path: Assets/Scenes
  artifactKey: Guid(3c0c70545a500514884df72faccc21ca) Importer(815301076,1909f56bfc062723c751e8b465ee728b)
Start importing Assets/Scenes using Guid(3c0c70545a500514884df72faccc21ca) Importer(815301076,1909f56bfc062723c751e8b465ee728b)  -> (artifact id: 'be21c4772c568308bea6a63b20e313d5') in 0.012206 seconds
  Import took 0.016588 seconds .

========================================================================
Received Import Request.
  Time since last request: 180.486540 seconds.
  path: Assets/Scripts/Bacground
  artifactKey: Guid(4485226b227f9674da42e6e680a80e6b) Importer(815301076,1909f56bfc062723c751e8b465ee728b)
Start importing Assets/Scripts/Bacground using Guid(4485226b227f9674da42e6e680a80e6b) Importer(815301076,1909f56bfc062723c751e8b465ee728b)  -> (artifact id: '04c0789661b2f935bdbd3ac81a6194af') in 0.014463 seconds
  Import took 0.019379 seconds .

========================================================================
Received Import Request.
  Time since last request: 0.007813 seconds.
  path: Assets/Scripts/Bacground
  artifactKey: Guid(4485226b227f9674da42e6e680a80e6b) Importer(815301076,1909f56bfc062723c751e8b465ee728b)
Start importing Assets/Scripts/Bacground using Guid(4485226b227f9674da42e6e680a80e6b) Importer(815301076,1909f56bfc062723c751e8b465ee728b)  -> (artifact id: '04c0789661b2f935bdbd3ac81a6194af') in 0.003834 seconds
  Import took 0.007798 seconds .

========================================================================
Received Import Request.
  Time since last request: 5.922780 seconds.
  path: Assets/Scripts/Background
  artifactKey: Guid(4485226b227f9674da42e6e680a80e6b) Importer(815301076,1909f56bfc062723c751e8b465ee728b)
Start importing Assets/Scripts/Background using Guid(4485226b227f9674da42e6e680a80e6b) Importer(815301076,1909f56bfc062723c751e8b465ee728b)  -> (artifact id: '3ee8b9b62548497d8098a73d703deba4') in 0.009179 seconds
  Import took 0.013739 seconds .

========================================================================
Received Import Request.
  Time since last request: 14.330271 seconds.
  path: Assets/Scripts/Background/Background.jpg
  artifactKey: Guid(2f6e620e90ba112498388c65fd5737b9) Importer(815301076,1909f56bfc062723c751e8b465ee728b)
Start importing Assets/Scripts/Background/Background.jpg using Guid(2f6e620e90ba112498388c65fd5737b9) Importer(815301076,1909f56bfc062723c751e8b465ee728b)  -> (artifact id: 'ec788c07b4900fc66b08e0e5e880c55b') in 0.146820 seconds
  Import took 0.151463 seconds .

========================================================================
Received Import Request.
  Time since last request: 1951.663224 seconds.
  path: Assets/Scripts/Bricks
  artifactKey: Guid(480b52b44138cf24ab32872368b7e490) Importer(815301076,1909f56bfc062723c751e8b465ee728b)
Start importing Assets/Scripts/Bricks using Guid(480b52b44138cf24ab32872368b7e490) Importer(815301076,1909f56bfc062723c751e8b465ee728b)  -> (artifact id: '2bd03643477ed45d480e579897d9fded') in 0.010372 seconds
  Import took 0.015763 seconds .

========================================================================
Received Import Request.
  Time since last request: 14.277152 seconds.
  path: Assets/Scripts/Bricks/BrickDesign.png
  artifactKey: Guid(47a9f6a47eb2a644d9669f2b3eea80c1) Importer(815301076,1909f56bfc062723c751e8b465ee728b)
Start importing Assets/Scripts/Bricks/BrickDesign.png using Guid(47a9f6a47eb2a644d9669f2b3eea80c1) Importer(815301076,1909f56bfc062723c751e8b465ee728b)  -> (artifact id: '55171cb695a96b8ebdf5f4d14e2a6ea9') in 0.052374 seconds
  Import took 0.056926 seconds .

========================================================================
Received Import Request.
  Time since last request: 0.001819 seconds.
  path: Assets/Scripts/Bricks/BrickDesign.png
  artifactKey: Guid(47a9f6a47eb2a644d9669f2b3eea80c1) Importer(815301076,1909f56bfc062723c751e8b465ee728b)
Start importing Assets/Scripts/Bricks/BrickDesign.png using Guid(47a9f6a47eb2a644d9669f2b3eea80c1) Importer(815301076,1909f56bfc062723c751e8b465ee728b)  -> (artifact id: '55171cb695a96b8ebdf5f4d14e2a6ea9') in 0.062428 seconds
  Import took 0.066779 seconds .

========================================================================
Received Import Request.
  Time since last request: 70.026337 seconds.
  path: ProjectSettings/TagManager.asset
  artifactKey: Guid(00000000000000003000000000000000) Importer(815301076,1909f56bfc062723c751e8b465ee728b)
Start importing ProjectSettings/TagManager.asset using Guid(00000000000000003000000000000000) Importer(815301076,1909f56bfc062723c751e8b465ee728b)  -> (artifact id: '95df672b4aaba54310d34c83eef51bb8') in 0.020563 seconds
  Import took 0.027124 seconds .

========================================================================
Received Import Request.
  Time since last request: 0.001972 seconds.
  path: ProjectSettings/TagManager.asset
  artifactKey: Guid(00000000000000003000000000000000) Importer(815301076,1909f56bfc062723c751e8b465ee728b)
Start importing ProjectSettings/TagManager.asset using Guid(00000000000000003000000000000000) Importer(815301076,1909f56bfc062723c751e8b465ee728b)  -> (artifact id: '95df672b4aaba54310d34c83eef51bb8') in 0.005869 seconds
  Import took 0.012298 seconds .

========================================================================
Received Import Request.
  Time since last request: 244.538801 seconds.
  path: Assets/Scripts/Bricks/BrickDesign2.png
  artifactKey: Guid(a493da052d2cb3c4db8f03f7c4adbb14) Importer(815301076,1909f56bfc062723c751e8b465ee728b)
Start importing Assets/Scripts/Bricks/BrickDesign2.png using Guid(a493da052d2cb3c4db8f03f7c4adbb14) Importer(815301076,1909f56bfc062723c751e8b465ee728b)  -> (artifact id: '42e3bed8b069619ece8c97910abb75f0') in 0.041558 seconds
  Import took 0.047792 seconds .

========================================================================
Received Import Request.
  Time since last request: 0.002346 seconds.
  path: Assets/Scripts/Bricks/BrickDesign2.png
  artifactKey: Guid(a493da052d2cb3c4db8f03f7c4adbb14) Importer(815301076,1909f56bfc062723c751e8b465ee728b)
Start importing Assets/Scripts/Bricks/BrickDesign2.png using Guid(a493da052d2cb3c4db8f03f7c4adbb14) Importer(815301076,1909f56bfc062723c751e8b465ee728b)  -> (artifact id: '42e3bed8b069619ece8c97910abb75f0') in 0.016694 seconds
  Import took 0.022196 seconds .

========================================================================
Received Import Request.
  Time since last request: 745.625730 seconds.
  path: Assets/Scripts/Bricks/BrickDesign2.png
  artifactKey: Guid(a493da052d2cb3c4db8f03f7c4adbb14) Importer(815301076,1909f56bfc062723c751e8b465ee728b)
Start importing Assets/Scripts/Bricks/BrickDesign2.png using Guid(a493da052d2cb3c4db8f03f7c4adbb14) Importer(815301076,1909f56bfc062723c751e8b465ee728b)  -> (artifact id: '383f0e312dc05daeeba00f192f673d3a') in 0.029723 seconds
  Import took 0.035756 seconds .

========================================================================
Received Import Request.
  Time since last request: 9474.099352 seconds.
  path: Assets/Scripts/Paddle
  artifactKey: Guid(7e6dce773a46da4498ad0f641a3d3464) Importer(815301076,1909f56bfc062723c751e8b465ee728b)
Start importing Assets/Scripts/Paddle using Guid(7e6dce773a46da4498ad0f641a3d3464) Importer(815301076,1909f56bfc062723c751e8b465ee728b)  -> (artifact id: '81673bb44ba450697d3d7453ae7064d1') in 0.010787 seconds
  Import took 0.025764 seconds .

========================================================================
Received Import Request.
  Time since last request: 9.479032 seconds.
  path: Assets/Scripts/Paddle/paddle.png
  artifactKey: Guid(b9ee258eae6123d4b840e3f487c5bb32) Importer(815301076,1909f56bfc062723c751e8b465ee728b)
Start importing Assets/Scripts/Paddle/paddle.png using Guid(b9ee258eae6123d4b840e3f487c5bb32) Importer(815301076,1909f56bfc062723c751e8b465ee728b)  -> (artifact id: 'a0270bfc9fd8ba65cdbf0d0eee55248b') in 0.049322 seconds
  Import took 0.053586 seconds .

========================================================================
Received Import Request.
  Time since last request: 179.424507 seconds.
  path: Assets/Scripts/Paddle/paddle.png
  artifactKey: Guid(b9ee258eae6123d4b840e3f487c5bb32) Importer(815301076,1909f56bfc062723c751e8b465ee728b)
Start importing Assets/Scripts/Paddle/paddle.png using Guid(b9ee258eae6123d4b840e3f487c5bb32) Importer(815301076,1909f56bfc062723c751e8b465ee728b)  -> (artifact id: '416086a7caf6eeb34b01cbb0e9c91171') in 0.024021 seconds
  Import took 0.031911 seconds .

========================================================================
Received Import Request.
  Time since last request: 80.687687 seconds.
  path: Assets/Scripts/Paddle/paddle.png
  artifactKey: Guid(b9ee258eae6123d4b840e3f487c5bb32) Importer(815301076,1909f56bfc062723c751e8b465ee728b)
Start importing Assets/Scripts/Paddle/paddle.png using Guid(b9ee258eae6123d4b840e3f487c5bb32) Importer(815301076,1909f56bfc062723c751e8b465ee728b)  -> (artifact id: '15e2f35d59c6b84abacce0fb92c31ae0') in 0.024418 seconds
  Import took 0.035193 seconds .

========================================================================
Received Import Request.
  Time since last request: 57.221876 seconds.
  path: ProjectSettings/TagManager.asset
  artifactKey: Guid(00000000000000003000000000000000) Importer(815301076,1909f56bfc062723c751e8b465ee728b)
Start importing ProjectSettings/TagManager.asset using Guid(00000000000000003000000000000000) Importer(815301076,1909f56bfc062723c751e8b465ee728b)  -> (artifact id: 'b9915152f84bab3bb9a1bdfcfd413dc9') in 0.005820 seconds
  Import took 0.010186 seconds .

========================================================================
Received Import Request.
  Time since last request: 0.004482 seconds.
  path: ProjectSettings/TagManager.asset
  artifactKey: Guid(00000000000000003000000000000000) Importer(815301076,1909f56bfc062723c751e8b465ee728b)
Start importing ProjectSettings/TagManager.asset using Guid(00000000000000003000000000000000) Importer(815301076,1909f56bfc062723c751e8b465ee728b)  -> (artifact id: 'b9915152f84bab3bb9a1bdfcfd413dc9') in 0.004729 seconds
  Import took 0.009054 seconds .

========================================================================
Received Import Request.
  Time since last request: 1184.372056 seconds.
  path: Assets/Scripts
  artifactKey: Guid(4d5af501ef01628458e75c71c49bfc20) Importer(815301076,1909f56bfc062723c751e8b465ee728b)
Start importing Assets/Scripts using Guid(4d5af501ef01628458e75c71c49bfc20) Importer(815301076,1909f56bfc062723c751e8b465ee728b)  -> (artifact id: '06592aef56a17a9f7b33d3bf6231e7da') in 0.007645 seconds
  Import took 0.022673 seconds .

========================================================================
Received Import Request.
  Time since last request: 11.882876 seconds.
  path: Assets/Scripts/Paddle Script
  artifactKey: Guid(0c36a872aa7221d4e806ca9863e1f495) Importer(815301076,1909f56bfc062723c751e8b465ee728b)
Start importing Assets/Scripts/Paddle Script using Guid(0c36a872aa7221d4e806ca9863e1f495) Importer(815301076,1909f56bfc062723c751e8b465ee728b)  -> (artifact id: '8b304c15ea218239960b19b2f86ef28a') in 0.010815 seconds
  Import took 0.015293 seconds .

========================================================================
Received Import Request.
  Time since last request: 0.004611 seconds.
  path: Assets/Scripts/Paddle Script
  artifactKey: Guid(0c36a872aa7221d4e806ca9863e1f495) Importer(815301076,1909f56bfc062723c751e8b465ee728b)
Start importing Assets/Scripts/Paddle Script using Guid(0c36a872aa7221d4e806ca9863e1f495) Importer(815301076,1909f56bfc062723c751e8b465ee728b)  -> (artifact id: '8b304c15ea218239960b19b2f86ef28a') in 0.003674 seconds
  Import took 0.008849 seconds .

========================================================================
Received Prepare
Registering precompiled user dll's ...
Registered in 0.007692 seconds.
Begin MonoManager ReloadAssembly
Native extension for WindowsStandalone target not found
Native extension for WebGL target not found
Refreshing native plugins compatible for Editor in 0.43 ms, found 3 plugins.
Preloading 0 native plugins for Editor in 0.00 ms.
Mono: successfully reloaded assembly
- Completed reload, in  1.190 seconds
Platform modules already initialized, skipping
Refreshing native plugins compatible for Editor in 0.43 ms, found 3 plugins.
Preloading 0 native plugins for Editor in 0.00 ms.
Unloading 2076 Unused Serialized files (Serialized files now loaded: 0)
System memory in use before: 95.7 MB.
System memory in use after: 95.7 MB.

Unloading 25 unused Assets to reduce memory usage. Loaded Objects now: 2530.
Total: 2.503600 ms (FindLiveObjects: 0.302100 ms CreateObjectMapping: 0.084300 ms MarkObjects: 1.981800 ms  DeleteObjects: 0.134700 ms)

========================================================================
Received Import Request.
  Time since last request: 44.494695 seconds.
  path: Assets/Scripts/Paddle Script/Paddle.cs
  artifactKey: Guid(570847085a956894eb5fe44865ee687f) Importer(815301076,1909f56bfc062723c751e8b465ee728b)
Start importing Assets/Scripts/Paddle Script/Paddle.cs using Guid(570847085a956894eb5fe44865ee687f) Importer(815301076,1909f56bfc062723c751e8b465ee728b)  -> (artifact id: '517f7f52334f423f58982c45d58707aa') in 0.028017 seconds
  Import took 0.031165 seconds .

========================================================================
Received Prepare
Registering precompiled user dll's ...
Registered in 0.008956 seconds.
Begin MonoManager ReloadAssembly
Native extension for WindowsStandalone target not found
Native extension for WebGL target not found
Refreshing native plugins compatible for Editor in 0.40 ms, found 3 plugins.
Preloading 0 native plugins for Editor in 0.00 ms.
Mono: successfully reloaded assembly
- Completed reload, in  1.052 seconds
Platform modules already initialized, skipping
Refreshing native plugins compatible for Editor in 0.46 ms, found 3 plugins.
Preloading 0 native plugins for Editor in 0.00 ms.
Unloading 2076 Unused Serialized files (Serialized files now loaded: 0)
System memory in use before: 95.7 MB.
System memory in use after: 95.7 MB.

Unloading 21 unused Assets to reduce memory usage. Loaded Objects now: 2534.
Total: 2.376900 ms (FindLiveObjects: 0.189200 ms CreateObjectMapping: 0.062900 ms MarkObjects: 2.016300 ms  DeleteObjects: 0.107600 ms)

========================================================================
Received Import Request.
  Time since last request: 519.278317 seconds.
  path: Assets/Scripts/Paddle Script/Paddle.cs
  artifactKey: Guid(570847085a956894eb5fe44865ee687f) Importer(815301076,1909f56bfc062723c751e8b465ee728b)
Start importing Assets/Scripts/Paddle Script/Paddle.cs using Guid(570847085a956894eb5fe44865ee687f) Importer(815301076,1909f56bfc062723c751e8b465ee728b)  -> (artifact id: '38c9c22dddc2d183e5776f70534867bb') in 0.007373 seconds
  Import took 0.010809 seconds .

========================================================================
Received Prepare
Registering precompiled user dll's ...
Registered in 0.007772 seconds.
Begin MonoManager ReloadAssembly
Native extension for WindowsStandalone target not found
Native extension for WebGL target not found
Refreshing native plugins compatible for Editor in 0.55 ms, found 3 plugins.
Preloading 0 native plugins for Editor in 0.00 ms.
Mono: successfully reloaded assembly
- Completed reload, in  1.332 seconds
Platform modules already initialized, skipping
Refreshing native plugins compatible for Editor in 0.65 ms, found 3 plugins.
Preloading 0 native plugins for Editor in 0.00 ms.
Unloading 2076 Unused Serialized files (Serialized files now loaded: 0)
System memory in use before: 95.8 MB.
System memory in use after: 95.8 MB.

Unloading 21 unused Assets to reduce memory usage. Loaded Objects now: 2538.
Total: 2.462600 ms (FindLiveObjects: 0.188800 ms CreateObjectMapping: 0.079800 ms MarkObjects: 2.084800 ms  DeleteObjects: 0.108300 ms)

========================================================================
Received Prepare
Registering precompiled user dll's ...
Registered in 0.008197 seconds.
Begin MonoManager ReloadAssembly
Native extension for WindowsStandalone target not found
Native extension for WebGL target not found
Refreshing native plugins compatible for Editor in 0.80 ms, found 3 plugins.
Preloading 0 native plugins for Editor in 0.00 ms.
Mono: successfully reloaded assembly
- Completed reload, in  1.736 seconds
Platform modules already initialized, skipping
Refreshing native plugins compatible for Editor in 0.61 ms, found 3 plugins.
Preloading 0 native plugins for Editor in 0.00 ms.
Unloading 2076 Unused Serialized files (Serialized files now loaded: 0)
System memory in use before: 95.8 MB.
System memory in use after: 95.8 MB.

Unloading 21 unused Assets to reduce memory usage. Loaded Objects now: 2542.
Total: 3.213400 ms (FindLiveObjects: 0.265000 ms CreateObjectMapping: 0.107000 ms MarkObjects: 2.656200 ms  DeleteObjects: 0.183400 ms)

========================================================================
Received Prepare
Registering precompiled user dll's ...
Registered in 0.008301 seconds.
Begin MonoManager ReloadAssembly
Native extension for WindowsStandalone target not found
Native extension for WebGL target not found
Refreshing native plugins compatible for Editor in 0.57 ms, found 3 plugins.
Preloading 0 native plugins for Editor in 0.00 ms.
Mono: successfully reloaded assembly
- Completed reload, in  1.740 seconds
Platform modules already initialized, skipping
Refreshing native plugins compatible for Editor in 0.62 ms, found 3 plugins.
Preloading 0 native plugins for Editor in 0.00 ms.
Unloading 2076 Unused Serialized files (Serialized files now loaded: 0)
System memory in use before: 95.8 MB.
System memory in use after: 95.8 MB.

Unloading 21 unused Assets to reduce memory usage. Loaded Objects now: 2546.
Total: 3.884000 ms (FindLiveObjects: 0.273300 ms CreateObjectMapping: 0.108100 ms MarkObjects: 3.363300 ms  DeleteObjects: 0.137500 ms)

========================================================================
Received Prepare
Registering precompiled user dll's ...
Registered in 0.007510 seconds.
Begin MonoManager ReloadAssembly
Native extension for WindowsStandalone target not found
Native extension for WebGL target not found
Refreshing native plugins compatible for Editor in 0.55 ms, found 3 plugins.
Preloading 0 native plugins for Editor in 0.00 ms.
Mono: successfully reloaded assembly
- Completed reload, in  1.889 seconds
Platform modules already initialized, skipping
Refreshing native plugins compatible for Editor in 0.49 ms, found 3 plugins.
Preloading 0 native plugins for Editor in 0.00 ms.
Unloading 2076 Unused Serialized files (Serialized files now loaded: 0)
System memory in use before: 95.8 MB.
System memory in use after: 95.8 MB.

Unloading 21 unused Assets to reduce memory usage. Loaded Objects now: 2550.
Total: 4.323900 ms (FindLiveObjects: 0.445600 ms CreateObjectMapping: 0.220300 ms MarkObjects: 3.506200 ms  DeleteObjects: 0.150100 ms)

========================================================================
Received Prepare
Registering precompiled user dll's ...
Registered in 0.008669 seconds.
Begin MonoManager ReloadAssembly
Native extension for WindowsStandalone target not found
Native extension for WebGL target not found
Refreshing native plugins compatible for Editor in 0.61 ms, found 3 plugins.
Preloading 0 native plugins for Editor in 0.00 ms.
Mono: successfully reloaded assembly
- Completed reload, in  2.308 seconds
Platform modules already initialized, skipping
Refreshing native plugins compatible for Editor in 0.44 ms, found 3 plugins.
Preloading 0 native plugins for Editor in 0.00 ms.
Unloading 2076 Unused Serialized files (Serialized files now loaded: 0)
System memory in use before: 95.8 MB.
System memory in use after: 95.8 MB.

Unloading 21 unused Assets to reduce memory usage. Loaded Objects now: 2554.
Total: 2.502500 ms (FindLiveObjects: 0.215500 ms CreateObjectMapping: 0.067200 ms MarkObjects: 2.115000 ms  DeleteObjects: 0.104000 ms)

========================================================================
Received Import Request.
  Time since last request: 763.634830 seconds.
  path: Assets/Scripts/Paddle Script/Paddle.cs
  artifactKey: Guid(570847085a956894eb5fe44865ee687f) Importer(815301076,1909f56bfc062723c751e8b465ee728b)
Start importing Assets/Scripts/Paddle Script/Paddle.cs using Guid(570847085a956894eb5fe44865ee687f) Importer(815301076,1909f56bfc062723c751e8b465ee728b)  -> (artifact id: '066a204a50315b3ee0e43f8dbdc4a7f0') in 0.013629 seconds
  Import took 0.019017 seconds .

========================================================================
Received Prepare
Registering precompiled user dll's ...
Registered in 0.008257 seconds.
Begin MonoManager ReloadAssembly
Native extension for WindowsStandalone target not found
Native extension for WebGL target not found
Refreshing native plugins compatible for Editor in 0.54 ms, found 3 plugins.
Preloading 0 native plugins for Editor in 0.00 ms.
Mono: successfully reloaded assembly
- Completed reload, in  1.292 seconds
Platform modules already initialized, skipping
Refreshing native plugins compatible for Editor in 0.50 ms, found 3 plugins.
Preloading 0 native plugins for Editor in 0.00 ms.
Unloading 2076 Unused Serialized files (Serialized files now loaded: 0)
System memory in use before: 95.8 MB.
System memory in use after: 95.8 MB.

Unloading 21 unused Assets to reduce memory usage. Loaded Objects now: 2558.
Total: 3.291200 ms (FindLiveObjects: 0.357800 ms CreateObjectMapping: 0.160000 ms MarkObjects: 2.640500 ms  DeleteObjects: 0.130300 ms)

========================================================================
Received Prepare
Registering precompiled user dll's ...
Registered in 0.010996 seconds.
Begin MonoManager ReloadAssembly
Native extension for WindowsStandalone target not found
Native extension for WebGL target not found
Refreshing native plugins compatible for Editor in 0.55 ms, found 3 plugins.
Preloading 0 native plugins for Editor in 0.00 ms.
Mono: successfully reloaded assembly
- Completed reload, in  1.699 seconds
Platform modules already initialized, skipping
Refreshing native plugins compatible for Editor in 0.69 ms, found 3 plugins.
Preloading 0 native plugins for Editor in 0.00 ms.
Unloading 2076 Unused Serialized files (Serialized files now loaded: 0)
System memory in use before: 95.8 MB.
System memory in use after: 95.8 MB.

Unloading 21 unused Assets to reduce memory usage. Loaded Objects now: 2562.
Total: 3.709500 ms (FindLiveObjects: 0.351100 ms CreateObjectMapping: 0.133200 ms MarkObjects: 3.058900 ms  DeleteObjects: 0.164600 ms)

========================================================================
Received Prepare
Registering precompiled user dll's ...
Registered in 0.013477 seconds.
Begin MonoManager ReloadAssembly
Native extension for WindowsStandalone target not found
Native extension for WebGL target not found
Refreshing native plugins compatible for Editor in 0.69 ms, found 3 plugins.
Preloading 0 native plugins for Editor in 0.00 ms.
Mono: successfully reloaded assembly
- Completed reload, in  1.750 seconds
Platform modules already initialized, skipping
Refreshing native plugins compatible for Editor in 0.73 ms, found 3 plugins.
Preloading 0 native plugins for Editor in 0.00 ms.
Unloading 2076 Unused Serialized files (Serialized files now loaded: 0)
System memory in use before: 95.9 MB.
System memory in use after: 95.8 MB.

Unloading 21 unused Assets to reduce memory usage. Loaded Objects now: 2566.
Total: 4.818100 ms (FindLiveObjects: 0.445000 ms CreateObjectMapping: 0.198700 ms MarkObjects: 3.994000 ms  DeleteObjects: 0.177900 ms)

========================================================================
Received Import Request.
  Time since last request: 1436.307605 seconds.
  path: Assets/Sprites
  artifactKey: Guid(9841aba0493d6eb4da2c8cc7c81a40c8) Importer(815301076,1909f56bfc062723c751e8b465ee728b)
Start importing Assets/Sprites using Guid(9841aba0493d6eb4da2c8cc7c81a40c8) Importer(815301076,1909f56bfc062723c751e8b465ee728b)  -> (artifact id: '67a7eec6992b229d9e69d58ef9708f96') in 0.009789 seconds
  Import took 0.015118 seconds .

========================================================================
Received Import Request.
  Time since last request: 4.299800 seconds.
  path: Assets/Sprites/Ball
  artifactKey: Guid(9a099cbed2331b04da7ecfad623bc8ab) Importer(815301076,1909f56bfc062723c751e8b465ee728b)
Start importing Assets/Sprites/Ball using Guid(9a099cbed2331b04da7ecfad623bc8ab) Importer(815301076,1909f56bfc062723c751e8b465ee728b)  -> (artifact id: 'c3abfd96f8159cb21f3c2a111787f35b') in 0.014748 seconds
  Import took 0.019176 seconds .

========================================================================
Received Import Request.
  Time since last request: 16.738475 seconds.
  path: Assets/Sprites/Ball/Ball.png
  artifactKey: Guid(f3a3c01b5570de24d8374b9b672e1954) Importer(815301076,1909f56bfc062723c751e8b465ee728b)
Start importing Assets/Sprites/Ball/Ball.png using Guid(f3a3c01b5570de24d8374b9b672e1954) Importer(815301076,1909f56bfc062723c751e8b465ee728b)  -> (artifact id: '6be833f7d68bd64301e71d3595423e88') in 0.053384 seconds
  Import took 0.056975 seconds .

========================================================================
Received Import Request.
  Time since last request: 533.401841 seconds.
  path: Assets/Sprites/Ball/Ball2.png
  artifactKey: Guid(945aeb676a192a645b542f7a5e384589) Importer(815301076,1909f56bfc062723c751e8b465ee728b)
Start importing Assets/Sprites/Ball/Ball2.png using Guid(945aeb676a192a645b542f7a5e384589) Importer(815301076,1909f56bfc062723c751e8b465ee728b)  -> (artifact id: '4d5f9e168e9d5335c1f276463a4432e6') in 0.076711 seconds
  Import took 0.082286 seconds .

========================================================================
Received Import Request.
  Time since last request: 0.000351 seconds.
  path: Assets/Sprites/Ball/ball3.png
  artifactKey: Guid(13cdbb3784d1a654eadb6af89e3a6cf4) Importer(815301076,1909f56bfc062723c751e8b465ee728b)
Start importing Assets/Sprites/Ball/ball3.png using Guid(13cdbb3784d1a654eadb6af89e3a6cf4) Importer(815301076,1909f56bfc062723c751e8b465ee728b)  -> (artifact id: 'a82090056ad64cc0109c6a736ff3a624') in 0.047824 seconds
  Import took 0.051558 seconds .

========================================================================
Received Import Request.
  Time since last request: 35.128678 seconds.
  path: ProjectSettings/TagManager.asset
  artifactKey: Guid(00000000000000003000000000000000) Importer(815301076,1909f56bfc062723c751e8b465ee728b)
Start importing ProjectSettings/TagManager.asset using Guid(00000000000000003000000000000000) Importer(815301076,1909f56bfc062723c751e8b465ee728b)  -> (artifact id: '7a42858e7582b925257d7b6c9748ce3d') in 0.004129 seconds
  Import took 0.009027 seconds .

========================================================================
Received Import Request.
  Time since last request: 0.003277 seconds.
  path: ProjectSettings/TagManager.asset
  artifactKey: Guid(00000000000000003000000000000000) Importer(815301076,1909f56bfc062723c751e8b465ee728b)
Start importing ProjectSettings/TagManager.asset using Guid(00000000000000003000000000000000) Importer(815301076,1909f56bfc062723c751e8b465ee728b)  -> (artifact id: '7a42858e7582b925257d7b6c9748ce3d') in 0.005484 seconds
  Import took 0.009983 seconds .

========================================================================
Received Import Request.
  Time since last request: 73.096161 seconds.
  path: Assets/Sprites/Ball/Ball.png
  artifactKey: Guid(13cdbb3784d1a654eadb6af89e3a6cf4) Importer(815301076,1909f56bfc062723c751e8b465ee728b)
Start importing Assets/Sprites/Ball/Ball.png using Guid(13cdbb3784d1a654eadb6af89e3a6cf4) Importer(815301076,1909f56bfc062723c751e8b465ee728b)  -> (artifact id: 'a18ed0d779342e9654de86ddd348e5ba') in 0.049153 seconds
  Import took 0.053637 seconds .

========================================================================
Received Import Request.
  Time since last request: 391.181204 seconds.
  path: Assets/Scripts/Ball Script
  artifactKey: Guid(dccc35059986faa41ada2d4853a74ad9) Importer(815301076,1909f56bfc062723c751e8b465ee728b)
Start importing Assets/Scripts/Ball Script using Guid(dccc35059986faa41ada2d4853a74ad9) Importer(815301076,1909f56bfc062723c751e8b465ee728b)  -> (artifact id: 'f474db8ab597c1070a24513258659412') in 0.010592 seconds
  Import took 0.015022 seconds .

========================================================================
Received Import Request.
  Time since last request: 0.003058 seconds.
  path: Assets/Scripts/Ball Script
  artifactKey: Guid(dccc35059986faa41ada2d4853a74ad9) Importer(815301076,1909f56bfc062723c751e8b465ee728b)
Start importing Assets/Scripts/Ball Script using Guid(dccc35059986faa41ada2d4853a74ad9) Importer(815301076,1909f56bfc062723c751e8b465ee728b)  -> (artifact id: 'f474db8ab597c1070a24513258659412') in 0.003573 seconds
  Import took 0.008891 seconds .

========================================================================
Received Prepare
Registering precompiled user dll's ...
Registered in 0.007107 seconds.
Begin MonoManager ReloadAssembly
Native extension for WindowsStandalone target not found
Native extension for WebGL target not found
Refreshing native plugins compatible for Editor in 0.44 ms, found 3 plugins.
Preloading 0 native plugins for Editor in 0.00 ms.
Mono: successfully reloaded assembly
- Completed reload, in  1.101 seconds
Platform modules already initialized, skipping
Refreshing native plugins compatible for Editor in 0.52 ms, found 3 plugins.
Preloading 0 native plugins for Editor in 0.00 ms.
Unloading 2077 Unused Serialized files (Serialized files now loaded: 0)
System memory in use before: 95.9 MB.
System memory in use after: 95.9 MB.

Unloading 23 unused Assets to reduce memory usage. Loaded Objects now: 2578.
Total: 2.401400 ms (FindLiveObjects: 0.191200 ms CreateObjectMapping: 0.063700 ms MarkObjects: 2.007300 ms  DeleteObjects: 0.138500 ms)

========================================================================
Received Import Request.
  Time since last request: 29.644774 seconds.
  path: Assets/Scripts/Ball Script/Ball.cs
  artifactKey: Guid(fee74b776470f024fbe1e510687b1955) Importer(815301076,1909f56bfc062723c751e8b465ee728b)
Start importing Assets/Scripts/Ball Script/Ball.cs using Guid(fee74b776470f024fbe1e510687b1955) Importer(815301076,1909f56bfc062723c751e8b465ee728b)  -> (artifact id: '6386112f9bf30024390c5db4846b18ba') in 0.007348 seconds
  Import took 0.010403 seconds .

========================================================================
Received Prepare
Registering precompiled user dll's ...
Registered in 0.006757 seconds.
Begin MonoManager ReloadAssembly
Native extension for WindowsStandalone target not found
Native extension for WebGL target not found
Refreshing native plugins compatible for Editor in 0.48 ms, found 3 plugins.
Preloading 0 native plugins for Editor in 0.00 ms.
Mono: successfully reloaded assembly
- Completed reload, in  1.023 seconds
Platform modules already initialized, skipping
Refreshing native plugins compatible for Editor in 0.43 ms, found 3 plugins.
Preloading 0 native plugins for Editor in 0.00 ms.
Unloading 2077 Unused Serialized files (Serialized files now loaded: 0)
System memory in use before: 95.9 MB.
System memory in use after: 95.9 MB.

Unloading 21 unused Assets to reduce memory usage. Loaded Objects now: 2582.
Total: 2.397100 ms (FindLiveObjects: 0.207800 ms CreateObjectMapping: 0.071300 ms MarkObjects: 1.981700 ms  DeleteObjects: 0.135600 ms)

========================================================================
Received Prepare
Registering precompiled user dll's ...
Registered in 0.008625 seconds.
Begin MonoManager ReloadAssembly
Native extension for WindowsStandalone target not found
Native extension for WebGL target not found
Refreshing native plugins compatible for Editor in 0.63 ms, found 3 plugins.
Preloading 0 native plugins for Editor in 0.00 ms.
Mono: successfully reloaded assembly
- Completed reload, in  1.025 seconds
Platform modules already initialized, skipping
Refreshing native plugins compatible for Editor in 0.44 ms, found 3 plugins.
Preloading 0 native plugins for Editor in 0.00 ms.
Unloading 2077 Unused Serialized files (Serialized files now loaded: 0)
System memory in use before: 95.9 MB.
System memory in use after: 95.9 MB.

Unloading 21 unused Assets to reduce memory usage. Loaded Objects now: 2586.
Total: 2.184400 ms (FindLiveObjects: 0.176300 ms CreateObjectMapping: 0.074700 ms MarkObjects: 1.809200 ms  DeleteObjects: 0.123400 ms)

========================================================================
Received Import Request.
  Time since last request: 1045.537100 seconds.
  path: Assets/Scripts/Ball Script/Bounce.physicsMaterial2D
  artifactKey: Guid(18a55de7e4bbc6a45a6849ec592e2e10) Importer(815301076,1909f56bfc062723c751e8b465ee728b)
Start importing Assets/Scripts/Ball Script/Bounce.physicsMaterial2D using Guid(18a55de7e4bbc6a45a6849ec592e2e10) Importer(815301076,1909f56bfc062723c751e8b465ee728b)  -> (artifact id: '09252f3701b739cf57358825d2719cff') in 0.023858 seconds
  Import took 0.028780 seconds .

========================================================================
Received Import Request.
  Time since last request: 11.968797 seconds.
  path: Assets/Scripts/Ball Script/Bounce.physicsMaterial2D
  artifactKey: Guid(18a55de7e4bbc6a45a6849ec592e2e10) Importer(815301076,1909f56bfc062723c751e8b465ee728b)
Start importing Assets/Scripts/Ball Script/Bounce.physicsMaterial2D using Guid(18a55de7e4bbc6a45a6849ec592e2e10) Importer(815301076,1909f56bfc062723c751e8b465ee728b)  -> (artifact id: '1ef288a5bf97b6ff70bd6582e882920b') in 0.005707 seconds
  Import took 0.020186 seconds .

========================================================================
Received Prepare
Registering precompiled user dll's ...
Registered in 0.006120 seconds.
Begin MonoManager ReloadAssembly
Native extension for WindowsStandalone target not found
Native extension for WebGL target not found
Refreshing native plugins compatible for Editor in 0.48 ms, found 3 plugins.
Preloading 0 native plugins for Editor in 0.00 ms.
Mono: successfully reloaded assembly
- Completed reload, in  1.091 seconds
Platform modules already initialized, skipping
Refreshing native plugins compatible for Editor in 0.48 ms, found 3 plugins.
Preloading 0 native plugins for Editor in 0.00 ms.
Unloading 2077 Unused Serialized files (Serialized files now loaded: 0)
System memory in use before: 95.9 MB.
System memory in use after: 95.9 MB.

Unloading 21 unused Assets to reduce memory usage. Loaded Objects now: 2590.
Total: 2.303200 ms (FindLiveObjects: 0.194500 ms CreateObjectMapping: 0.074500 ms MarkObjects: 1.910900 ms  DeleteObjects: 0.122200 ms)

========================================================================
Received Import Request.
  Time since last request: 689.338328 seconds.
  path: ProjectSettings/TagManager.asset
  artifactKey: Guid(00000000000000003000000000000000) Importer(815301076,1909f56bfc062723c751e8b465ee728b)
Start importing ProjectSettings/TagManager.asset using Guid(00000000000000003000000000000000) Importer(815301076,1909f56bfc062723c751e8b465ee728b)  -> (artifact id: '3f6231b2efdfb674c2729fedb7330ff4') in 0.017702 seconds
  Import took 0.022146 seconds .

========================================================================
Received Prepare
Registering precompiled user dll's ...
Registered in 0.006205 seconds.
Begin MonoManager ReloadAssembly
Native extension for WindowsStandalone target not found
Native extension for WebGL target not found
Refreshing native plugins compatible for Editor in 0.47 ms, found 3 plugins.
Preloading 0 native plugins for Editor in 0.00 ms.
Mono: successfully reloaded assembly
- Completed reload, in  1.097 seconds
Platform modules already initialized, skipping
Refreshing native plugins compatible for Editor in 0.46 ms, found 3 plugins.
Preloading 0 native plugins for Editor in 0.00 ms.
Unloading 2077 Unused Serialized files (Serialized files now loaded: 0)
System memory in use before: 96.0 MB.
System memory in use after: 95.9 MB.

Unloading 22 unused Assets to reduce memory usage. Loaded Objects now: 2594.
Total: 2.810000 ms (FindLiveObjects: 0.217700 ms CreateObjectMapping: 0.105900 ms MarkObjects: 2.352900 ms  DeleteObjects: 0.132700 ms)

========================================================================
Received Prepare
Registering precompiled user dll's ...
Registered in 0.008602 seconds.
Begin MonoManager ReloadAssembly
Native extension for WindowsStandalone target not found
Native extension for WebGL target not found
Refreshing native plugins compatible for Editor in 0.52 ms, found 3 plugins.
Preloading 0 native plugins for Editor in 0.00 ms.
Mono: successfully reloaded assembly
- Completed reload, in  1.065 seconds
Platform modules already initialized, skipping
Refreshing native plugins compatible for Editor in 0.57 ms, found 3 plugins.
Preloading 0 native plugins for Editor in 0.00 ms.
Unloading 2077 Unused Serialized files (Serialized files now loaded: 0)
System memory in use before: 96.0 MB.
System memory in use after: 95.9 MB.

Unloading 21 unused Assets to reduce memory usage. Loaded Objects now: 2598.
Total: 2.589100 ms (FindLiveObjects: 0.217400 ms CreateObjectMapping: 0.065000 ms MarkObjects: 2.193100 ms  DeleteObjects: 0.112900 ms)

========================================================================
Received Prepare
Registering precompiled user dll's ...
Registered in 0.006371 seconds.
Begin MonoManager ReloadAssembly
Native extension for WindowsStandalone target not found
Native extension for WebGL target not found
Refreshing native plugins compatible for Editor in 0.41 ms, found 3 plugins.
Preloading 0 native plugins for Editor in 0.00 ms.
Mono: successfully reloaded assembly
- Completed reload, in  1.032 seconds
Platform modules already initialized, skipping
Refreshing native plugins compatible for Editor in 0.46 ms, found 3 plugins.
Preloading 0 native plugins for Editor in 0.00 ms.
Unloading 2077 Unused Serialized files (Serialized files now loaded: 0)
System memory in use before: 96.0 MB.
System memory in use after: 95.9 MB.

Unloading 21 unused Assets to reduce memory usage. Loaded Objects now: 2602.
Total: 2.872100 ms (FindLiveObjects: 0.246000 ms CreateObjectMapping: 0.093800 ms MarkObjects: 2.423000 ms  DeleteObjects: 0.107900 ms)

========================================================================
Received Prepare
Registering precompiled user dll's ...
Registered in 0.006318 seconds.
Begin MonoManager ReloadAssembly
Native extension for WindowsStandalone target not found
Native extension for WebGL target not found
Refreshing native plugins compatible for Editor in 0.45 ms, found 3 plugins.
Preloading 0 native plugins for Editor in 0.00 ms.
Mono: successfully reloaded assembly
- Completed reload, in  1.027 seconds
Platform modules already initialized, skipping
Refreshing native plugins compatible for Editor in 0.49 ms, found 3 plugins.
Preloading 0 native plugins for Editor in 0.00 ms.
Unloading 2077 Unused Serialized files (Serialized files now loaded: 0)
System memory in use before: 96.0 MB.
System memory in use after: 96.0 MB.

Unloading 21 unused Assets to reduce memory usage. Loaded Objects now: 2606.
Total: 2.459300 ms (FindLiveObjects: 0.206100 ms CreateObjectMapping: 0.063700 ms MarkObjects: 2.086500 ms  DeleteObjects: 0.102100 ms)

AssetImportWorkerClient::OnTransportError - code=2 error=End of file
